<?xml version="1.0" encoding="UTF-8"?>
<!-- Generated by org.testng.reporters.JUnitReportReporter -->
<testsuite hostname="LAPTOP-C2IN588P" failures="0" tests="1" name="apitesting.ApiTest" time="2.085" errors="0" timestamp="2025-03-03T20:30:09 IST" skipped="0">
  <testcase classname="apitesting.ApiTest" name="getUsers" time="2.085"/>
</testsuite> <!-- apitesting.ApiTest -->
